2016-05-18 22:32:42 [scrapy] INFO: Scrapy 1.0.5 started (bot: tutorial)
2016-05-18 22:32:42 [scrapy] INFO: Optional features available: ssl, http11
2016-05-18 22:32:42 [scrapy] INFO: Overridden settings: {'NEWSPIDER_MODULE': 'tutorial.spiders', 'LOG_LEVEL': 'INFO', 'DUPEFILTER_CLASS': 'scrapyjs.SplashAwareDupeFilter', 'SPIDER_MODULES': ['tutorial.spiders'], 'BOT_NAME': 'tutorial', 'HTTPCACHE_STORAGE': 'scrapyjs.SplashAwareFSCacheStorage'}
2016-05-18 22:32:42 [scrapy] INFO: Enabled extensions: CloseSpider, TelnetConsole, LogStats, CoreStats, SpiderState
2016-05-18 22:32:42 [scrapy] INFO: Enabled downloader middlewares: HttpAuthMiddleware, DownloadTimeoutMiddleware, UserAgentMiddleware, RetryMiddleware, DefaultHeadersMiddleware, MetaRefreshMiddleware, HttpCompressionMiddleware, RedirectMiddleware, CookiesMiddleware, SplashMiddleware, ChunkedTransferMiddleware, DownloaderStats
2016-05-18 22:32:42 [scrapy] INFO: Enabled spider middlewares: HttpErrorMiddleware, OffsiteMiddleware, RefererMiddleware, UrlLengthMiddleware, DepthMiddleware
2016-05-18 22:32:42 [py.warnings] WARNING: /root/baike_crawl/tutorial/pipelines.py:9: ScrapyDeprecationWarning: Module `scrapy.log` has been deprecated, Scrapy now relies on the builtin Python library for logging. Read the updated logging entry in the documentation to learn more.
  from scrapy import log

2016-05-18 22:32:42 [scrapy] INFO: Enabled item pipelines: MySQLPipeline
2016-05-18 22:32:42 [scrapy] INFO: Spider opened
2016-05-18 22:32:42 [scrapy] INFO: Crawled 0 pages (at 0 pages/min), scraped 0 items (at 0 items/min)
2016-05-18 22:33:42 [scrapy] INFO: Crawled 79 pages (at 79 pages/min), scraped 0 items (at 0 items/min)
2016-05-18 22:34:42 [scrapy] INFO: Crawled 166 pages (at 87 pages/min), scraped 0 items (at 0 items/min)
2016-05-18 22:35:42 [scrapy] INFO: Crawled 250 pages (at 84 pages/min), scraped 0 items (at 0 items/min)
2016-05-18 22:36:42 [scrapy] INFO: Crawled 338 pages (at 88 pages/min), scraped 0 items (at 0 items/min)
2016-05-18 22:37:42 [scrapy] INFO: Crawled 420 pages (at 82 pages/min), scraped 0 items (at 0 items/min)
2016-05-18 22:38:42 [scrapy] INFO: Crawled 505 pages (at 85 pages/min), scraped 0 items (at 0 items/min)
2016-05-18 22:39:42 [scrapy] INFO: Crawled 590 pages (at 85 pages/min), scraped 0 items (at 0 items/min)
2016-05-18 22:40:42 [scrapy] INFO: Crawled 674 pages (at 84 pages/min), scraped 0 items (at 0 items/min)
2016-05-18 22:41:42 [scrapy] INFO: Crawled 760 pages (at 86 pages/min), scraped 0 items (at 0 items/min)
2016-05-18 22:42:42 [scrapy] INFO: Crawled 850 pages (at 90 pages/min), scraped 0 items (at 0 items/min)
2016-05-18 22:43:42 [scrapy] INFO: Crawled 928 pages (at 78 pages/min), scraped 0 items (at 0 items/min)
2016-05-18 22:44:42 [scrapy] INFO: Crawled 1011 pages (at 83 pages/min), scraped 0 items (at 0 items/min)
2016-05-18 22:45:42 [scrapy] INFO: Crawled 1100 pages (at 89 pages/min), scraped 0 items (at 0 items/min)
2016-05-18 22:46:42 [scrapy] INFO: Crawled 1183 pages (at 83 pages/min), scraped 0 items (at 0 items/min)
2016-05-18 22:47:42 [scrapy] INFO: Crawled 1265 pages (at 82 pages/min), scraped 0 items (at 0 items/min)
2016-05-18 22:48:42 [scrapy] INFO: Crawled 1347 pages (at 82 pages/min), scraped 0 items (at 0 items/min)
2016-05-18 22:49:42 [scrapy] INFO: Crawled 1433 pages (at 86 pages/min), scraped 0 items (at 0 items/min)
2016-05-18 22:50:42 [scrapy] INFO: Crawled 1520 pages (at 87 pages/min), scraped 0 items (at 0 items/min)
2016-05-18 22:51:42 [scrapy] INFO: Crawled 1613 pages (at 93 pages/min), scraped 0 items (at 0 items/min)
2016-05-18 22:52:42 [scrapy] INFO: Crawled 1704 pages (at 91 pages/min), scraped 0 items (at 0 items/min)
2016-05-18 22:53:42 [scrapy] INFO: Crawled 1790 pages (at 86 pages/min), scraped 0 items (at 0 items/min)
2016-05-18 22:54:42 [scrapy] INFO: Crawled 1872 pages (at 82 pages/min), scraped 0 items (at 0 items/min)
2016-05-18 22:55:42 [scrapy] INFO: Crawled 1958 pages (at 86 pages/min), scraped 0 items (at 0 items/min)
2016-05-18 22:56:42 [scrapy] INFO: Crawled 2049 pages (at 91 pages/min), scraped 0 items (at 0 items/min)
2016-05-18 22:57:42 [scrapy] INFO: Crawled 2137 pages (at 88 pages/min), scraped 0 items (at 0 items/min)
2016-05-18 22:58:42 [scrapy] INFO: Crawled 2219 pages (at 82 pages/min), scraped 0 items (at 0 items/min)
2016-05-18 22:59:42 [scrapy] INFO: Crawled 2305 pages (at 86 pages/min), scraped 0 items (at 0 items/min)
2016-05-18 23:00:42 [scrapy] INFO: Crawled 2390 pages (at 85 pages/min), scraped 0 items (at 0 items/min)
2016-05-18 23:01:42 [scrapy] INFO: Crawled 2480 pages (at 90 pages/min), scraped 0 items (at 0 items/min)
2016-05-18 23:02:42 [scrapy] INFO: Crawled 2566 pages (at 86 pages/min), scraped 0 items (at 0 items/min)
2016-05-18 23:03:42 [scrapy] INFO: Crawled 2647 pages (at 81 pages/min), scraped 0 items (at 0 items/min)
2016-05-18 23:04:42 [scrapy] INFO: Crawled 2728 pages (at 81 pages/min), scraped 0 items (at 0 items/min)
2016-05-18 23:05:42 [scrapy] INFO: Crawled 2813 pages (at 85 pages/min), scraped 0 items (at 0 items/min)
2016-05-18 23:06:42 [scrapy] INFO: Crawled 2890 pages (at 77 pages/min), scraped 0 items (at 0 items/min)
2016-05-18 23:07:42 [scrapy] INFO: Crawled 2974 pages (at 84 pages/min), scraped 0 items (at 0 items/min)
2016-05-18 23:08:42 [scrapy] INFO: Crawled 3058 pages (at 84 pages/min), scraped 0 items (at 0 items/min)
2016-05-18 23:09:42 [scrapy] INFO: Crawled 3144 pages (at 86 pages/min), scraped 0 items (at 0 items/min)
2016-05-18 23:10:42 [scrapy] INFO: Crawled 3234 pages (at 90 pages/min), scraped 0 items (at 0 items/min)
2016-05-18 23:11:42 [scrapy] INFO: Crawled 3313 pages (at 79 pages/min), scraped 0 items (at 0 items/min)
2016-05-18 23:12:42 [scrapy] INFO: Crawled 3395 pages (at 82 pages/min), scraped 0 items (at 0 items/min)
2016-05-18 23:13:42 [scrapy] INFO: Crawled 3482 pages (at 87 pages/min), scraped 0 items (at 0 items/min)
2016-05-18 23:14:42 [scrapy] INFO: Crawled 3563 pages (at 81 pages/min), scraped 0 items (at 0 items/min)
2016-05-18 23:15:42 [scrapy] INFO: Crawled 3646 pages (at 83 pages/min), scraped 0 items (at 0 items/min)
2016-05-18 23:16:42 [scrapy] INFO: Crawled 3736 pages (at 90 pages/min), scraped 0 items (at 0 items/min)
2016-05-18 23:17:42 [scrapy] INFO: Crawled 3826 pages (at 90 pages/min), scraped 0 items (at 0 items/min)
2016-05-18 23:18:42 [scrapy] INFO: Crawled 3916 pages (at 90 pages/min), scraped 0 items (at 0 items/min)
2016-05-18 23:19:42 [scrapy] INFO: Crawled 4003 pages (at 87 pages/min), scraped 0 items (at 0 items/min)
2016-05-18 23:20:42 [scrapy] INFO: Crawled 4084 pages (at 81 pages/min), scraped 0 items (at 0 items/min)
2016-05-18 23:21:42 [scrapy] INFO: Crawled 4173 pages (at 89 pages/min), scraped 0 items (at 0 items/min)
2016-05-18 23:22:42 [scrapy] INFO: Crawled 4258 pages (at 85 pages/min), scraped 0 items (at 0 items/min)
2016-05-18 23:23:42 [scrapy] INFO: Crawled 4345 pages (at 87 pages/min), scraped 0 items (at 0 items/min)
2016-05-18 23:24:42 [scrapy] INFO: Crawled 4432 pages (at 87 pages/min), scraped 0 items (at 0 items/min)
2016-05-18 23:25:42 [scrapy] INFO: Crawled 4517 pages (at 85 pages/min), scraped 0 items (at 0 items/min)
2016-05-18 23:26:42 [scrapy] INFO: Crawled 4599 pages (at 82 pages/min), scraped 0 items (at 0 items/min)
2016-05-18 23:27:42 [scrapy] INFO: Crawled 4686 pages (at 87 pages/min), scraped 0 items (at 0 items/min)
2016-05-18 23:28:42 [scrapy] INFO: Crawled 4773 pages (at 87 pages/min), scraped 0 items (at 0 items/min)
2016-05-18 23:29:42 [scrapy] INFO: Crawled 4858 pages (at 85 pages/min), scraped 0 items (at 0 items/min)
2016-05-18 23:30:42 [scrapy] INFO: Crawled 4940 pages (at 82 pages/min), scraped 0 items (at 0 items/min)
2016-05-18 23:31:42 [scrapy] INFO: Crawled 5021 pages (at 81 pages/min), scraped 0 items (at 0 items/min)
2016-05-18 23:32:42 [scrapy] INFO: Crawled 5109 pages (at 88 pages/min), scraped 0 items (at 0 items/min)
2016-05-18 23:33:42 [scrapy] INFO: Crawled 5196 pages (at 87 pages/min), scraped 0 items (at 0 items/min)
2016-05-18 23:34:42 [scrapy] INFO: Crawled 5280 pages (at 84 pages/min), scraped 0 items (at 0 items/min)
2016-05-18 23:35:42 [scrapy] INFO: Crawled 5359 pages (at 79 pages/min), scraped 0 items (at 0 items/min)
2016-05-18 23:36:42 [scrapy] INFO: Crawled 5452 pages (at 93 pages/min), scraped 0 items (at 0 items/min)
2016-05-18 23:37:42 [scrapy] INFO: Crawled 5533 pages (at 81 pages/min), scraped 0 items (at 0 items/min)
2016-05-18 23:38:42 [scrapy] INFO: Crawled 5617 pages (at 84 pages/min), scraped 0 items (at 0 items/min)
2016-05-18 23:39:42 [scrapy] INFO: Crawled 5701 pages (at 84 pages/min), scraped 0 items (at 0 items/min)
2016-05-18 23:40:42 [scrapy] INFO: Crawled 5786 pages (at 85 pages/min), scraped 0 items (at 0 items/min)
2016-05-18 23:41:42 [scrapy] INFO: Crawled 5876 pages (at 90 pages/min), scraped 0 items (at 0 items/min)
2016-05-18 23:42:42 [scrapy] INFO: Crawled 5955 pages (at 79 pages/min), scraped 0 items (at 0 items/min)
2016-05-18 23:43:42 [scrapy] INFO: Crawled 6034 pages (at 79 pages/min), scraped 0 items (at 0 items/min)
2016-05-18 23:44:42 [scrapy] INFO: Crawled 6116 pages (at 82 pages/min), scraped 0 items (at 0 items/min)
2016-05-18 23:45:42 [scrapy] INFO: Crawled 6199 pages (at 83 pages/min), scraped 0 items (at 0 items/min)
2016-05-18 23:46:42 [scrapy] INFO: Crawled 6286 pages (at 87 pages/min), scraped 0 items (at 0 items/min)
2016-05-18 23:47:42 [scrapy] INFO: Crawled 6364 pages (at 78 pages/min), scraped 0 items (at 0 items/min)
2016-05-18 23:48:42 [scrapy] INFO: Crawled 6446 pages (at 82 pages/min), scraped 0 items (at 0 items/min)
2016-05-18 23:49:42 [scrapy] INFO: Crawled 6527 pages (at 81 pages/min), scraped 0 items (at 0 items/min)
2016-05-18 23:50:42 [scrapy] INFO: Crawled 6607 pages (at 80 pages/min), scraped 0 items (at 0 items/min)
2016-05-18 23:51:42 [scrapy] INFO: Crawled 6689 pages (at 82 pages/min), scraped 0 items (at 0 items/min)
2016-05-18 23:52:42 [scrapy] INFO: Crawled 6770 pages (at 81 pages/min), scraped 0 items (at 0 items/min)
2016-05-18 23:53:42 [scrapy] INFO: Crawled 6854 pages (at 84 pages/min), scraped 0 items (at 0 items/min)
2016-05-18 23:54:42 [scrapy] INFO: Crawled 6942 pages (at 88 pages/min), scraped 0 items (at 0 items/min)
2016-05-18 23:55:42 [scrapy] INFO: Crawled 7021 pages (at 79 pages/min), scraped 0 items (at 0 items/min)
2016-05-18 23:56:42 [scrapy] INFO: Crawled 7113 pages (at 92 pages/min), scraped 0 items (at 0 items/min)
2016-05-18 23:57:42 [scrapy] INFO: Crawled 7197 pages (at 84 pages/min), scraped 0 items (at 0 items/min)
2016-05-18 23:58:42 [scrapy] INFO: Crawled 7279 pages (at 82 pages/min), scraped 0 items (at 0 items/min)
2016-05-18 23:59:42 [scrapy] INFO: Crawled 7371 pages (at 92 pages/min), scraped 0 items (at 0 items/min)
2016-05-19 00:00:42 [scrapy] INFO: Crawled 7461 pages (at 90 pages/min), scraped 0 items (at 0 items/min)
2016-05-19 00:01:42 [scrapy] INFO: Crawled 7550 pages (at 89 pages/min), scraped 0 items (at 0 items/min)
2016-05-19 00:02:42 [scrapy] INFO: Crawled 7637 pages (at 87 pages/min), scraped 0 items (at 0 items/min)
2016-05-19 00:03:42 [scrapy] INFO: Crawled 7728 pages (at 91 pages/min), scraped 0 items (at 0 items/min)
2016-05-19 00:04:42 [scrapy] INFO: Crawled 7816 pages (at 88 pages/min), scraped 0 items (at 0 items/min)
2016-05-19 00:05:42 [scrapy] INFO: Crawled 7908 pages (at 92 pages/min), scraped 0 items (at 0 items/min)
2016-05-19 00:06:42 [scrapy] INFO: Crawled 7991 pages (at 83 pages/min), scraped 0 items (at 0 items/min)
2016-05-19 00:07:42 [scrapy] INFO: Crawled 8078 pages (at 87 pages/min), scraped 0 items (at 0 items/min)
2016-05-19 00:08:42 [scrapy] INFO: Crawled 8160 pages (at 82 pages/min), scraped 0 items (at 0 items/min)
2016-05-19 00:09:42 [scrapy] INFO: Crawled 8249 pages (at 89 pages/min), scraped 0 items (at 0 items/min)
2016-05-19 00:10:42 [scrapy] INFO: Crawled 8339 pages (at 90 pages/min), scraped 0 items (at 0 items/min)
2016-05-19 00:11:42 [scrapy] INFO: Crawled 8425 pages (at 86 pages/min), scraped 0 items (at 0 items/min)
2016-05-19 00:12:42 [scrapy] INFO: Crawled 8508 pages (at 83 pages/min), scraped 0 items (at 0 items/min)
2016-05-19 00:13:42 [scrapy] INFO: Crawled 8587 pages (at 79 pages/min), scraped 0 items (at 0 items/min)
2016-05-19 00:14:42 [scrapy] INFO: Crawled 8668 pages (at 81 pages/min), scraped 0 items (at 0 items/min)
2016-05-19 00:15:42 [scrapy] INFO: Crawled 8744 pages (at 76 pages/min), scraped 0 items (at 0 items/min)
2016-05-19 00:16:42 [scrapy] INFO: Crawled 8822 pages (at 78 pages/min), scraped 0 items (at 0 items/min)
2016-05-19 00:17:42 [scrapy] INFO: Crawled 8906 pages (at 84 pages/min), scraped 0 items (at 0 items/min)
2016-05-19 00:18:42 [scrapy] INFO: Crawled 8989 pages (at 83 pages/min), scraped 0 items (at 0 items/min)
2016-05-19 00:19:42 [scrapy] INFO: Crawled 9072 pages (at 83 pages/min), scraped 0 items (at 0 items/min)
2016-05-19 00:20:42 [scrapy] INFO: Crawled 9163 pages (at 91 pages/min), scraped 0 items (at 0 items/min)
2016-05-19 00:21:42 [scrapy] INFO: Crawled 9254 pages (at 91 pages/min), scraped 0 items (at 0 items/min)
2016-05-19 00:22:42 [scrapy] INFO: Crawled 9345 pages (at 91 pages/min), scraped 0 items (at 0 items/min)
2016-05-19 00:23:42 [scrapy] INFO: Crawled 9440 pages (at 95 pages/min), scraped 0 items (at 0 items/min)
2016-05-19 00:24:42 [scrapy] INFO: Crawled 9525 pages (at 85 pages/min), scraped 0 items (at 0 items/min)
2016-05-19 00:25:42 [scrapy] INFO: Crawled 9610 pages (at 85 pages/min), scraped 0 items (at 0 items/min)
2016-05-19 00:26:42 [scrapy] INFO: Crawled 9696 pages (at 86 pages/min), scraped 0 items (at 0 items/min)
2016-05-19 00:27:42 [scrapy] INFO: Crawled 9779 pages (at 83 pages/min), scraped 0 items (at 0 items/min)
2016-05-19 00:28:42 [scrapy] INFO: Crawled 9869 pages (at 90 pages/min), scraped 0 items (at 0 items/min)
2016-05-19 00:29:42 [scrapy] INFO: Crawled 9956 pages (at 87 pages/min), scraped 0 items (at 0 items/min)
2016-05-19 00:30:42 [scrapy] INFO: Crawled 10037 pages (at 81 pages/min), scraped 0 items (at 0 items/min)
2016-05-19 00:31:42 [scrapy] INFO: Crawled 10123 pages (at 86 pages/min), scraped 0 items (at 0 items/min)
2016-05-19 00:32:42 [scrapy] INFO: Crawled 10207 pages (at 84 pages/min), scraped 0 items (at 0 items/min)
2016-05-19 00:33:42 [scrapy] INFO: Crawled 10293 pages (at 86 pages/min), scraped 0 items (at 0 items/min)
2016-05-19 00:34:42 [scrapy] INFO: Crawled 10375 pages (at 82 pages/min), scraped 0 items (at 0 items/min)
2016-05-19 00:35:42 [scrapy] INFO: Crawled 10452 pages (at 77 pages/min), scraped 0 items (at 0 items/min)
2016-05-19 00:36:42 [scrapy] INFO: Crawled 10544 pages (at 92 pages/min), scraped 0 items (at 0 items/min)
2016-05-19 00:37:42 [scrapy] INFO: Crawled 10633 pages (at 89 pages/min), scraped 0 items (at 0 items/min)
2016-05-19 00:38:42 [scrapy] INFO: Crawled 10723 pages (at 90 pages/min), scraped 0 items (at 0 items/min)
2016-05-19 00:39:42 [scrapy] INFO: Crawled 10809 pages (at 86 pages/min), scraped 0 items (at 0 items/min)
2016-05-19 00:40:42 [scrapy] INFO: Crawled 10894 pages (at 85 pages/min), scraped 0 items (at 0 items/min)
2016-05-19 00:41:42 [scrapy] INFO: Crawled 10979 pages (at 85 pages/min), scraped 0 items (at 0 items/min)
2016-05-19 00:42:42 [scrapy] INFO: Crawled 11057 pages (at 78 pages/min), scraped 0 items (at 0 items/min)
2016-05-19 00:43:42 [scrapy] INFO: Crawled 11133 pages (at 76 pages/min), scraped 0 items (at 0 items/min)
2016-05-19 00:44:42 [scrapy] INFO: Crawled 11211 pages (at 78 pages/min), scraped 0 items (at 0 items/min)
2016-05-19 00:45:42 [scrapy] INFO: Crawled 11285 pages (at 74 pages/min), scraped 0 items (at 0 items/min)
2016-05-19 00:46:42 [scrapy] INFO: Crawled 11360 pages (at 75 pages/min), scraped 0 items (at 0 items/min)
2016-05-19 00:47:42 [scrapy] INFO: Crawled 11437 pages (at 77 pages/min), scraped 0 items (at 0 items/min)
2016-05-19 00:48:42 [scrapy] INFO: Crawled 11520 pages (at 83 pages/min), scraped 0 items (at 0 items/min)
2016-05-19 00:49:42 [scrapy] INFO: Crawled 11612 pages (at 92 pages/min), scraped 0 items (at 0 items/min)
2016-05-19 00:50:42 [scrapy] INFO: Crawled 11695 pages (at 83 pages/min), scraped 0 items (at 0 items/min)
2016-05-19 00:51:42 [scrapy] INFO: Crawled 11781 pages (at 86 pages/min), scraped 0 items (at 0 items/min)
2016-05-19 00:52:42 [scrapy] INFO: Crawled 11865 pages (at 84 pages/min), scraped 0 items (at 0 items/min)
2016-05-19 00:53:42 [scrapy] INFO: Crawled 11945 pages (at 80 pages/min), scraped 0 items (at 0 items/min)
2016-05-19 00:54:42 [scrapy] INFO: Crawled 12029 pages (at 84 pages/min), scraped 0 items (at 0 items/min)
2016-05-19 00:55:42 [scrapy] INFO: Crawled 12118 pages (at 89 pages/min), scraped 0 items (at 0 items/min)
2016-05-19 00:56:42 [scrapy] INFO: Crawled 12202 pages (at 84 pages/min), scraped 0 items (at 0 items/min)
2016-05-19 00:57:42 [scrapy] INFO: Crawled 12277 pages (at 75 pages/min), scraped 0 items (at 0 items/min)
2016-05-19 00:58:42 [scrapy] INFO: Crawled 12348 pages (at 71 pages/min), scraped 0 items (at 0 items/min)
2016-05-19 00:59:42 [scrapy] INFO: Crawled 12425 pages (at 77 pages/min), scraped 0 items (at 0 items/min)
2016-05-19 01:00:42 [scrapy] INFO: Crawled 12509 pages (at 84 pages/min), scraped 0 items (at 0 items/min)
2016-05-19 01:01:42 [scrapy] INFO: Crawled 12604 pages (at 95 pages/min), scraped 0 items (at 0 items/min)
2016-05-19 01:02:42 [scrapy] INFO: Crawled 12683 pages (at 79 pages/min), scraped 0 items (at 0 items/min)
2016-05-19 01:03:42 [scrapy] INFO: Crawled 12763 pages (at 80 pages/min), scraped 0 items (at 0 items/min)
2016-05-19 01:04:42 [scrapy] INFO: Crawled 12846 pages (at 83 pages/min), scraped 0 items (at 0 items/min)
2016-05-19 01:05:42 [scrapy] INFO: Crawled 12925 pages (at 79 pages/min), scraped 0 items (at 0 items/min)
2016-05-19 01:06:42 [scrapy] INFO: Crawled 12999 pages (at 74 pages/min), scraped 0 items (at 0 items/min)
2016-05-19 01:07:42 [scrapy] INFO: Crawled 13072 pages (at 73 pages/min), scraped 0 items (at 0 items/min)
2016-05-19 01:08:42 [scrapy] INFO: Crawled 13161 pages (at 89 pages/min), scraped 0 items (at 0 items/min)
2016-05-19 01:09:42 [scrapy] INFO: Crawled 13248 pages (at 87 pages/min), scraped 0 items (at 0 items/min)
2016-05-19 01:10:42 [scrapy] INFO: Crawled 13331 pages (at 83 pages/min), scraped 0 items (at 0 items/min)
2016-05-19 01:11:42 [scrapy] INFO: Crawled 13413 pages (at 82 pages/min), scraped 0 items (at 0 items/min)
2016-05-19 01:12:42 [scrapy] INFO: Crawled 13496 pages (at 83 pages/min), scraped 0 items (at 0 items/min)
2016-05-19 01:13:42 [scrapy] INFO: Crawled 13583 pages (at 87 pages/min), scraped 0 items (at 0 items/min)
2016-05-19 01:14:42 [scrapy] INFO: Crawled 13675 pages (at 92 pages/min), scraped 0 items (at 0 items/min)
2016-05-19 01:15:42 [scrapy] INFO: Crawled 13757 pages (at 82 pages/min), scraped 0 items (at 0 items/min)
2016-05-19 01:16:42 [scrapy] INFO: Crawled 13832 pages (at 75 pages/min), scraped 0 items (at 0 items/min)
2016-05-19 01:17:42 [scrapy] INFO: Crawled 13911 pages (at 79 pages/min), scraped 0 items (at 0 items/min)
2016-05-19 01:18:42 [scrapy] INFO: Crawled 13994 pages (at 83 pages/min), scraped 0 items (at 0 items/min)
2016-05-19 01:19:42 [scrapy] INFO: Crawled 14080 pages (at 86 pages/min), scraped 0 items (at 0 items/min)
2016-05-19 01:20:42 [scrapy] INFO: Crawled 14161 pages (at 81 pages/min), scraped 0 items (at 0 items/min)
2016-05-19 01:21:42 [scrapy] INFO: Crawled 14248 pages (at 87 pages/min), scraped 0 items (at 0 items/min)
2016-05-19 01:22:42 [scrapy] INFO: Crawled 14327 pages (at 79 pages/min), scraped 0 items (at 0 items/min)
2016-05-19 01:23:42 [scrapy] INFO: Crawled 14413 pages (at 86 pages/min), scraped 0 items (at 0 items/min)
2016-05-19 01:24:42 [scrapy] INFO: Crawled 14503 pages (at 90 pages/min), scraped 0 items (at 0 items/min)
2016-05-19 01:25:42 [scrapy] INFO: Crawled 14581 pages (at 78 pages/min), scraped 0 items (at 0 items/min)
2016-05-19 01:26:42 [scrapy] INFO: Crawled 14656 pages (at 75 pages/min), scraped 0 items (at 0 items/min)
2016-05-19 01:27:42 [scrapy] INFO: Crawled 14742 pages (at 86 pages/min), scraped 0 items (at 0 items/min)
2016-05-19 01:28:42 [scrapy] INFO: Crawled 14825 pages (at 83 pages/min), scraped 0 items (at 0 items/min)
2016-05-19 01:29:42 [scrapy] INFO: Crawled 14898 pages (at 73 pages/min), scraped 0 items (at 0 items/min)
2016-05-19 01:30:42 [scrapy] INFO: Crawled 14969 pages (at 71 pages/min), scraped 0 items (at 0 items/min)
2016-05-19 01:31:42 [scrapy] INFO: Crawled 15055 pages (at 86 pages/min), scraped 0 items (at 0 items/min)
2016-05-19 01:32:42 [scrapy] INFO: Crawled 15139 pages (at 84 pages/min), scraped 0 items (at 0 items/min)
2016-05-19 01:33:42 [scrapy] INFO: Crawled 15212 pages (at 73 pages/min), scraped 0 items (at 0 items/min)
2016-05-19 01:34:42 [scrapy] INFO: Crawled 15287 pages (at 75 pages/min), scraped 0 items (at 0 items/min)
2016-05-19 01:35:42 [scrapy] INFO: Crawled 15360 pages (at 73 pages/min), scraped 0 items (at 0 items/min)
2016-05-19 01:36:42 [scrapy] INFO: Crawled 15437 pages (at 77 pages/min), scraped 0 items (at 0 items/min)
2016-05-19 01:37:42 [scrapy] INFO: Crawled 15520 pages (at 83 pages/min), scraped 0 items (at 0 items/min)
2016-05-19 01:38:42 [scrapy] INFO: Crawled 15604 pages (at 84 pages/min), scraped 0 items (at 0 items/min)
2016-05-19 01:39:42 [scrapy] INFO: Crawled 15673 pages (at 69 pages/min), scraped 0 items (at 0 items/min)
2016-05-19 01:40:42 [scrapy] INFO: Crawled 15755 pages (at 82 pages/min), scraped 0 items (at 0 items/min)
2016-05-19 01:41:42 [scrapy] INFO: Crawled 15840 pages (at 85 pages/min), scraped 0 items (at 0 items/min)
2016-05-19 01:42:42 [scrapy] INFO: Crawled 15924 pages (at 84 pages/min), scraped 0 items (at 0 items/min)
2016-05-19 01:43:42 [scrapy] INFO: Crawled 16007 pages (at 83 pages/min), scraped 0 items (at 0 items/min)
2016-05-19 01:44:42 [scrapy] INFO: Crawled 16086 pages (at 79 pages/min), scraped 0 items (at 0 items/min)
2016-05-19 01:45:42 [scrapy] INFO: Crawled 16166 pages (at 80 pages/min), scraped 0 items (at 0 items/min)
2016-05-19 01:46:42 [scrapy] INFO: Crawled 16251 pages (at 85 pages/min), scraped 0 items (at 0 items/min)
2016-05-19 01:47:42 [scrapy] INFO: Crawled 16345 pages (at 94 pages/min), scraped 0 items (at 0 items/min)
2016-05-19 01:48:42 [scrapy] INFO: Crawled 16427 pages (at 82 pages/min), scraped 0 items (at 0 items/min)
2016-05-19 01:49:42 [scrapy] INFO: Crawled 16514 pages (at 87 pages/min), scraped 0 items (at 0 items/min)
2016-05-19 01:50:42 [scrapy] INFO: Crawled 16602 pages (at 88 pages/min), scraped 0 items (at 0 items/min)
2016-05-19 01:51:42 [scrapy] INFO: Crawled 16692 pages (at 90 pages/min), scraped 0 items (at 0 items/min)
2016-05-19 01:52:42 [scrapy] INFO: Crawled 16784 pages (at 92 pages/min), scraped 0 items (at 0 items/min)
2016-05-19 01:53:42 [scrapy] INFO: Crawled 16862 pages (at 78 pages/min), scraped 0 items (at 0 items/min)
2016-05-19 01:54:42 [scrapy] INFO: Crawled 16944 pages (at 82 pages/min), scraped 0 items (at 0 items/min)
2016-05-19 01:55:42 [scrapy] INFO: Crawled 17018 pages (at 74 pages/min), scraped 0 items (at 0 items/min)
2016-05-19 01:56:42 [scrapy] INFO: Crawled 17089 pages (at 71 pages/min), scraped 0 items (at 0 items/min)
2016-05-19 01:57:42 [scrapy] INFO: Crawled 17166 pages (at 77 pages/min), scraped 0 items (at 0 items/min)
2016-05-19 01:58:42 [scrapy] INFO: Crawled 17238 pages (at 72 pages/min), scraped 0 items (at 0 items/min)
2016-05-19 01:59:42 [scrapy] INFO: Crawled 17308 pages (at 70 pages/min), scraped 0 items (at 0 items/min)
2016-05-19 02:00:42 [scrapy] INFO: Crawled 17387 pages (at 79 pages/min), scraped 0 items (at 0 items/min)
2016-05-19 02:01:42 [scrapy] INFO: Crawled 17466 pages (at 79 pages/min), scraped 0 items (at 0 items/min)
2016-05-19 02:02:42 [scrapy] INFO: Crawled 17546 pages (at 80 pages/min), scraped 0 items (at 0 items/min)
2016-05-19 02:03:42 [scrapy] INFO: Crawled 17611 pages (at 65 pages/min), scraped 0 items (at 0 items/min)
2016-05-19 02:04:42 [scrapy] INFO: Crawled 17694 pages (at 83 pages/min), scraped 0 items (at 0 items/min)
2016-05-19 02:05:42 [scrapy] INFO: Crawled 17777 pages (at 83 pages/min), scraped 0 items (at 0 items/min)
2016-05-19 02:06:42 [scrapy] INFO: Crawled 17865 pages (at 88 pages/min), scraped 0 items (at 0 items/min)
2016-05-19 02:07:42 [scrapy] INFO: Crawled 17947 pages (at 82 pages/min), scraped 0 items (at 0 items/min)
2016-05-19 02:08:42 [scrapy] INFO: Crawled 18032 pages (at 85 pages/min), scraped 0 items (at 0 items/min)
2016-05-19 02:09:42 [scrapy] INFO: Crawled 18107 pages (at 75 pages/min), scraped 0 items (at 0 items/min)
2016-05-19 02:10:42 [scrapy] INFO: Crawled 18190 pages (at 83 pages/min), scraped 0 items (at 0 items/min)
2016-05-19 02:11:42 [scrapy] INFO: Crawled 18267 pages (at 77 pages/min), scraped 0 items (at 0 items/min)
2016-05-19 02:12:42 [scrapy] INFO: Crawled 18349 pages (at 82 pages/min), scraped 0 items (at 0 items/min)
2016-05-19 02:13:42 [scrapy] INFO: Crawled 18433 pages (at 84 pages/min), scraped 0 items (at 0 items/min)
2016-05-19 02:14:42 [scrapy] INFO: Crawled 18521 pages (at 88 pages/min), scraped 0 items (at 0 items/min)
2016-05-19 02:15:42 [scrapy] INFO: Crawled 18609 pages (at 88 pages/min), scraped 0 items (at 0 items/min)
2016-05-19 02:16:42 [scrapy] INFO: Crawled 18694 pages (at 85 pages/min), scraped 0 items (at 0 items/min)
2016-05-19 02:17:42 [scrapy] INFO: Crawled 18783 pages (at 89 pages/min), scraped 0 items (at 0 items/min)
2016-05-19 02:18:42 [scrapy] INFO: Crawled 18860 pages (at 77 pages/min), scraped 0 items (at 0 items/min)
2016-05-19 02:19:42 [scrapy] INFO: Crawled 18933 pages (at 73 pages/min), scraped 0 items (at 0 items/min)
2016-05-19 02:20:42 [scrapy] INFO: Crawled 19011 pages (at 78 pages/min), scraped 0 items (at 0 items/min)
2016-05-19 02:21:42 [scrapy] INFO: Crawled 19082 pages (at 71 pages/min), scraped 0 items (at 0 items/min)
2016-05-19 02:22:42 [scrapy] INFO: Crawled 19155 pages (at 73 pages/min), scraped 0 items (at 0 items/min)
2016-05-19 02:23:42 [scrapy] INFO: Crawled 19231 pages (at 76 pages/min), scraped 0 items (at 0 items/min)
2016-05-19 02:24:42 [scrapy] INFO: Crawled 19311 pages (at 80 pages/min), scraped 0 items (at 0 items/min)
2016-05-19 02:25:42 [scrapy] INFO: Crawled 19400 pages (at 89 pages/min), scraped 0 items (at 0 items/min)
2016-05-19 02:26:42 [scrapy] INFO: Crawled 19489 pages (at 89 pages/min), scraped 0 items (at 0 items/min)
2016-05-19 02:27:42 [scrapy] INFO: Crawled 19574 pages (at 85 pages/min), scraped 0 items (at 0 items/min)
2016-05-19 02:28:42 [scrapy] INFO: Crawled 19663 pages (at 89 pages/min), scraped 0 items (at 0 items/min)
2016-05-19 02:29:42 [scrapy] INFO: Crawled 19743 pages (at 80 pages/min), scraped 0 items (at 0 items/min)
2016-05-19 02:30:42 [scrapy] INFO: Crawled 19825 pages (at 82 pages/min), scraped 0 items (at 0 items/min)
2016-05-19 02:31:42 [scrapy] INFO: Crawled 19915 pages (at 90 pages/min), scraped 0 items (at 0 items/min)
2016-05-19 02:32:42 [scrapy] INFO: Crawled 20002 pages (at 87 pages/min), scraped 0 items (at 0 items/min)
2016-05-19 02:33:42 [scrapy] INFO: Crawled 20084 pages (at 82 pages/min), scraped 0 items (at 0 items/min)
2016-05-19 02:34:42 [scrapy] INFO: Crawled 20162 pages (at 78 pages/min), scraped 0 items (at 0 items/min)
2016-05-19 02:35:42 [scrapy] INFO: Crawled 20240 pages (at 78 pages/min), scraped 0 items (at 0 items/min)
2016-05-19 02:36:42 [scrapy] INFO: Crawled 20321 pages (at 81 pages/min), scraped 0 items (at 0 items/min)
2016-05-19 02:37:42 [scrapy] INFO: Crawled 20399 pages (at 78 pages/min), scraped 0 items (at 0 items/min)
2016-05-19 02:38:42 [scrapy] INFO: Crawled 20473 pages (at 74 pages/min), scraped 0 items (at 0 items/min)
2016-05-19 02:39:42 [scrapy] INFO: Crawled 20547 pages (at 74 pages/min), scraped 0 items (at 0 items/min)
2016-05-19 02:40:42 [scrapy] INFO: Crawled 20627 pages (at 80 pages/min), scraped 0 items (at 0 items/min)
2016-05-19 02:41:42 [scrapy] INFO: Crawled 20708 pages (at 81 pages/min), scraped 0 items (at 0 items/min)
2016-05-19 02:42:42 [scrapy] INFO: Crawled 20792 pages (at 84 pages/min), scraped 0 items (at 0 items/min)
2016-05-19 02:43:42 [scrapy] INFO: Crawled 20869 pages (at 77 pages/min), scraped 0 items (at 0 items/min)
2016-05-19 02:44:42 [scrapy] INFO: Crawled 20949 pages (at 80 pages/min), scraped 0 items (at 0 items/min)
2016-05-19 02:45:42 [scrapy] INFO: Crawled 21027 pages (at 78 pages/min), scraped 0 items (at 0 items/min)
2016-05-19 02:46:42 [scrapy] INFO: Crawled 21101 pages (at 74 pages/min), scraped 0 items (at 0 items/min)
2016-05-19 02:47:42 [scrapy] INFO: Crawled 21180 pages (at 79 pages/min), scraped 0 items (at 0 items/min)
2016-05-19 02:48:42 [scrapy] INFO: Crawled 21259 pages (at 79 pages/min), scraped 0 items (at 0 items/min)
2016-05-19 02:49:42 [scrapy] INFO: Crawled 21348 pages (at 89 pages/min), scraped 0 items (at 0 items/min)
2016-05-19 02:50:32 [scrapy] INFO: Closing spider (finished)
2016-05-19 02:50:32 [scrapy] INFO: Dumping Scrapy stats:
{'downloader/request_bytes': 8653508,
 'downloader/request_count': 23133,
 'downloader/request_method_count/POST': 23133,
 'downloader/response_bytes': 1724244898,
 'downloader/response_count': 23133,
 'downloader/response_status_count/200': 21421,
 'downloader/response_status_count/502': 1712,
 'finish_reason': 'finished',
 'finish_time': datetime.datetime(2016, 5, 18, 18, 50, 32, 82429),
 'log_count/INFO': 264,
 'log_count/WARNING': 1,
 'response_received_count': 21424,
 'scheduler/dequeued': 44557,
 'scheduler/dequeued/memory': 44557,
 'scheduler/enqueued': 44557,
 'scheduler/enqueued/memory': 44557,
 'splash/render.html/request_count': 21424,
 'splash/render.html/response_count/200': 21421,
 'splash/render.html/response_count/502': 1712,
 'start_time': datetime.datetime(2016, 5, 18, 14, 32, 42, 655684)}
2016-05-19 02:50:32 [scrapy] INFO: Spider closed (finished)
